<?xml version="1.0" encoding="UTF-8"?>
<testng-results skipped="0" failed="0" total="1" passed="1">
  <reporter-output>
  </reporter-output>
  <suite name="Default suite" duration-ms="33237" started-at="2019-11-06T13:25:54Z" finished-at="2019-11-06T13:26:27Z">
    <groups>
    </groups>
    <test name="Default test" duration-ms="33237" started-at="2019-11-06T13:25:54Z" finished-at="2019-11-06T13:26:27Z">
      <class name="DriverFactory.AppTest">
        <test-method status="PASS" signature="kickStart()[pri:0, instance:DriverFactory.AppTest@457e2f02]" name="kickStart" duration-ms="33217" started-at="2019-11-06T18:55:54Z" finished-at="2019-11-06T18:56:27Z">
          <reporter-output>
          </reporter-output>
        </test-method> <!-- kickStart -->
      </class> <!-- DriverFactory.AppTest -->
    </test> <!-- Default test -->
  </suite> <!-- Default suite -->
</testng-results>
